[debug] [2021-10-29T14:23:02.530Z] ----------------------------------------------------------------------
[debug] [2021-10-29T14:23:02.532Z] Command:       C:\Program Files\nodejs\node.exe C:\Users\David\AppData\Roaming\npm\node_modules\firebase-tools\lib\bin\firebase.js init
[debug] [2021-10-29T14:23:02.532Z] CLI Version:   9.21.0
[debug] [2021-10-29T14:23:02.532Z] Platform:      win32
[debug] [2021-10-29T14:23:02.532Z] Node Version:  v14.17.6
[debug] [2021-10-29T14:23:02.533Z] Time:          Fri Oct 29 2021 11:23:02 GMT-0300 (Argentina Standard Time)
[debug] [2021-10-29T14:23:02.533Z] ----------------------------------------------------------------------
[debug] 
[debug] [2021-10-29T14:23:02.535Z] >>> [apiv2][query] GET https://firebase-public.firebaseio.com/cli.json [none]
[debug] [2021-10-29T14:23:02.556Z] > command requires scopes: ["email","openid","https://www.googleapis.com/auth/cloudplatformprojects.readonly","https://www.googleapis.com/auth/firebase","https://www.googleapis.com/auth/cloud-platform"]
[debug] [2021-10-29T14:23:02.556Z] > authorizing via signed-in user (davidivan.eda@gmail.com)
[info] 
     ######## #### ########  ######## ########     ###     ######  ########
     ##        ##  ##     ## ##       ##     ##  ##   ##  ##       ##
     ######    ##  ########  ######   ########  #########  ######  ######
     ##        ##  ##    ##  ##       ##     ## ##     ##       ## ##
     ##       #### ##     ## ######## ########  ##     ##  ######  ########

You're about to initialize a Firebase project in this directory:

  D:\gitHub Repository\micaela.holistica

[debug] [2021-10-29T14:23:03.210Z] <<< [apiv2][status] GET https://firebase-public.firebaseio.com/cli.json 200
[debug] [2021-10-29T14:23:03.210Z] <<< [apiv2][body] GET https://firebase-public.firebaseio.com/cli.json {"cloudBuildErrorAfter":1594252800000,"cloudBuildWarnAfter":1590019200000,"defaultNode10After":1594252800000,"minVersion":"3.0.5","node8DeploysDisabledAfter":1613390400000,"node8RuntimeDisabledAfter":1615809600000,"node8WarnAfter":1600128000000}
